<?xml version="1.0" encoding="UTF-8"?>
<testsuite name="TestNamedArguments" tests="1" skipped="0" failures="0" errors="0" timestamp="2023-08-07T06:44:55" hostname="LAPTOP-1VKNLAHA" time="0.03">
  <properties/>
  <testcase name="testJoinToString" classname="TestNamedArguments" time="0.03"/>
  <system-out><![CDATA[]]></system-out>
  <system-err><![CDATA[]]></system-err>
</testsuite>
