<?xml version="1.0" encoding="UTF-8"?>
<testsuite name="TestDefaultAndNamedParams" tests="1" skipped="0" failures="0" errors="0" timestamp="2023-08-07T06:49:47" hostname="LAPTOP-1VKNLAHA" time="0.02">
  <properties/>
  <testcase name="testDefaultAndNamedParams" classname="TestDefaultAndNamedParams" time="0.02"/>
  <system-out><![CDATA[]]></system-out>
  <system-err><![CDATA[]]></system-err>
</testsuite>
